SF:lib\core\error\failure.dart
DA:6,2
DA:8,0
DA:9,0
DA:14,0
DA:17,2
LF:5
LH:2
end_of_record
SF:lib\features\auth\domain\use_case\auth_login_usecase.dart
DA:12,1
DA:14,1
DA:15,1
DA:16,3
DA:22,1
DA:25,1
DA:27,2
DA:28,1
DA:29,1
LF:9
LH:9
end_of_record
SF:lib\features\auth\domain\entity\user_entity.dart
DA:12,2
DA:22,1
DA:23,1
DA:24,1
DA:25,1
DA:26,1
DA:27,1
DA:28,1
DA:29,1
DA:30,1
LF:10
LH:10
end_of_record
SF:lib\features\auth\domain\use_case\auth_register_usecase.dart
DA:14,1
DA:21,1
DA:28,1
DA:29,5
DA:36,1
DA:39,1
DA:41,1
DA:42,1
DA:43,1
DA:44,1
DA:45,1
DA:48,2
LF:12
LH:12
end_of_record
