SF:lib\core\error\failure.dart
DA:6,12
DA:8,1
DA:9,2
DA:13,0
DA:18,12
DA:25,0
LF:6
LH:4
end_of_record
SF:lib\features\auth\domain\entity\login_response_entity.dart
DA:10,2
DA:15,0
DA:16,0
DA:17,0
DA:18,0
LF:5
LH:1
end_of_record
SF:lib\features\auth\domain\entity\user_entity.dart
DA:10,3
DA:18,0
DA:19,0
DA:20,0
DA:21,0
DA:22,0
DA:24,0
DA:28,0
DA:35,0
DA:36,0
DA:37,0
DA:38,0
DA:39,0
DA:40,0
DA:44,1
DA:45,6
LF:16
LH:3
end_of_record
SF:lib\features\auth\domain\use_case\auth_login_usecase.dart
DA:13,2
DA:15,0
DA:16,0
DA:17,0
DA:23,1
DA:26,1
DA:28,2
DA:29,1
DA:30,1
LF:9
LH:6
end_of_record
SF:lib\features\auth\domain\entity\auth_entity.dart
DA:11,0
DA:19,0
DA:20,0
DA:21,0
DA:22,0
DA:23,0
DA:24,0
DA:25,0
LF:8
LH:0
end_of_record
SF:lib\features\auth\domain\use_case\auth_register_usecase.dart
DA:14,2
DA:21,0
DA:28,1
DA:29,5
DA:36,1
DA:39,1
DA:41,1
DA:42,1
DA:43,1
DA:44,1
DA:45,1
DA:48,2
LF:12
LH:11
end_of_record
SF:lib\features\auth\domain\use_case\update_user_usecase.dart
DA:14,1
DA:21,0
DA:22,0
DA:27,1
DA:29,1
DA:31,2
DA:32,1
DA:33,1
DA:34,1
DA:35,1
LF:10
LH:8
end_of_record
SF:lib\core\usecase\usecase.dart
DA:21,0
DA:22,0
DA:23,0
LF:3
LH:0
end_of_record
SF:lib\features\auth\presentation\view\login_page.dart
DA:202,1
DA:208,1
DA:209,1
DA:210,1
DA:211,1
DA:215,1
DA:216,1
DA:217,2
DA:221,1
DA:223,1
DA:225,1
DA:226,1
DA:227,1
DA:229,1
DA:232,1
DA:234,1
DA:235,1
DA:236,2
DA:237,1
DA:239,1
DA:240,1
DA:241,1
DA:243,1
DA:267,1
DA:268,1
DA:270,1
DA:274,1
DA:275,1
DA:276,1
DA:279,1
DA:280,1
DA:284,1
DA:287,1
DA:288,1
DA:291,1
DA:295,1
DA:296,1
DA:297,1
DA:300,1
DA:301,1
DA:305,1
DA:308,1
DA:310,1
DA:311,1
DA:314,1
DA:315,1
DA:319,1
DA:320,3
DA:321,3
DA:322,2
DA:323,2
DA:338,1
DA:339,1
DA:341,1
DA:346,1
DA:347,0
DA:348,0
DA:350,0
DA:351,0
DA:352,0
DA:353,0
LF:61
LH:55
end_of_record
SF:lib\features\auth\presentation\view_model\login_view_model\login_event.dart
DA:7,2
LF:1
LH:1
end_of_record
SF:lib\features\auth\presentation\view_model\login_view_model\login_state.dart
DA:7,2
DA:9,1
DA:13,1
DA:17,1
DA:18,0
DA:19,1
DA:22,1
DA:23,3
LF:8
LH:7
end_of_record
SF:lib\features\auth\presentation\view_model\login_view_model\login_view_model.dart
DA:18,1
DA:27,2
DA:28,2
DA:31,1
DA:32,3
DA:34,2
DA:35,3
DA:38,1
DA:39,1
DA:40,3
DA:41,2
DA:42,1
DA:47,1
DA:49,2
DA:50,1
DA:51,2
DA:52,2
DA:53,2
DA:54,2
DA:57,3
DA:58,2
DA:59,1
LF:22
LH:22
end_of_record
SF:lib\app\constant\api\api_endpoints.dart
DA:2,0
LF:1
LH:0
end_of_record
SF:lib\app\service_locator\service_locator.dart
DA:61,0
DA:63,0
DA:64,0
DA:65,0
DA:66,0
DA:68,0
DA:69,0
DA:70,0
DA:72,0
DA:73,0
DA:74,0
DA:75,0
DA:76,0
DA:77,0
DA:82,0
DA:83,0
DA:86,0
DA:88,0
DA:89,0
DA:90,0
DA:91,0
DA:96,0
DA:97,0
DA:98,0
DA:99,0
DA:100,0
DA:102,0
DA:103,0
DA:108,0
DA:109,0
DA:110,0
DA:113,0
DA:114,0
DA:115,0
DA:119,0
DA:120,0
DA:121,0
DA:124,0
DA:125,0
DA:126,0
DA:130,0
DA:131,0
DA:132,0
DA:135,0
DA:136,0
DA:141,0
DA:143,0
DA:144,0
DA:145,0
DA:146,0
DA:151,0
DA:152,0
DA:156,0
DA:157,0
DA:160,0
DA:161,0
DA:164,0
DA:165,0
DA:168,0
DA:169,0
DA:173,0
DA:174,0
DA:175,0
DA:176,0
DA:177,0
DA:178,0
DA:179,0
DA:184,0
DA:186,0
DA:187,0
DA:191,0
DA:192,0
DA:193,0
DA:197,0
DA:198,0
DA:205,0
DA:206,0
DA:207,0
DA:215,0
DA:216,0
DA:217,0
DA:218,0
DA:219,0
DA:223,0
DA:224,0
DA:225,0
DA:228,0
DA:229,0
DA:232,0
DA:233,0
DA:239,0
DA:240,0
DA:241,0
DA:244,0
DA:245,0
DA:248,0
DA:249,0
DA:250,0
DA:252,0
DA:253,0
DA:254,0
DA:255,0
DA:256,0
DA:257,0
DA:264,0
DA:265,0
DA:266,0
DA:267,0
DA:268,0
DA:269,0
DA:270,0
DA:272,0
DA:273,0
DA:274,0
DA:275,0
DA:276,0
DA:277,0
DA:278,0
DA:279,0
DA:286,0
DA:287,0
LF:121
LH:0
end_of_record
SF:lib\app\shared_prefs\token_shared_prefs.dart
DA:35,0
DA:37,0
DA:39,0
DA:40,0
DA:42,0
DA:46,0
DA:48,0
DA:49,0
DA:51,0
LF:9
LH:0
end_of_record
SF:lib\app\shared_prefs\user_shared_prefs.dart
DA:37,1
DA:55,0
DA:57,0
DA:64,0
DA:65,0
DA:66,0
DA:67,0
DA:68,0
DA:71,0
DA:73,0
DA:74,0
DA:75,0
DA:76,0
DA:77,0
DA:79,0
DA:80,0
DA:84,0
DA:87,0
DA:88,0
DA:97,0
DA:101,0
DA:102,0
DA:107,0
LF:23
LH:1
end_of_record
SF:lib\core\network\api_service.dart
DA:13,0
DA:15,0
DA:16,0
DA:17,0
DA:18,0
DA:19,0
DA:21,0
DA:22,0
DA:23,0
DA:25,0
DA:26,0
DA:27,0
DA:28,0
DA:31,0
DA:35,0
DA:36,0
DA:37,0
DA:39,0
DA:41,0
DA:43,0
DA:44,0
DA:46,0
DA:50,0
DA:54,0
DA:55,0
DA:56,0
DA:62,0
LF:27
LH:0
end_of_record
SF:lib\core\network\hive_service.dart
DA:7,0
DA:8,0
DA:11,0
DA:12,0
DA:18,0
DA:19,0
DA:20,0
DA:23,0
DA:24,0
DA:25,0
DA:28,0
DA:29,0
DA:30,0
DA:33,0
DA:34,0
DA:36,0
DA:37,0
DA:44,0
DA:45,0
DA:50,0
DA:51,0
DA:54,0
DA:55,0
DA:56,0
DA:59,0
DA:60,0
DA:61,0
DA:64,0
DA:65,0
DA:66,0
DA:69,0
DA:70,0
DA:71,0
DA:74,0
DA:75,0
DA:76,0
DA:81,0
DA:82,0
LF:38
LH:0
end_of_record
SF:lib\features\auth\data\data_source\remote_data_source\auth_remote_data_source.dart
DA:18,0
DA:21,0
DA:26,0
DA:28,0
DA:30,0
DA:32,0
DA:35,0
DA:37,0
DA:38,0
DA:39,0
DA:40,0
DA:41,0
DA:43,0
DA:47,0
DA:53,0
DA:55,0
DA:58,0
DA:59,0
DA:61,0
DA:65,0
DA:68,0
DA:70,0
DA:71,0
DA:72,0
DA:73,0
DA:74,0
DA:76,0
DA:81,0
DA:84,0
DA:88,0
DA:89,0
DA:91,0
DA:94,0
DA:95,0
DA:97,0
DA:98,0
DA:100,0
DA:104,0
DA:107,0
DA:108,0
DA:109,0
DA:112,0
DA:117,0
DA:118,0
DA:120,0
DA:124,0
DA:125,0
DA:127,0
DA:128,0
DA:130,0
DA:134,0
DA:138,0
DA:140,0
DA:148,0
DA:151,0
DA:153,0
DA:154,0
DA:156,0
LF:58
LH:0
end_of_record
SF:lib\features\auth\data\repository\auth_remote_repository.dart
DA:14,0
DA:17,0
DA:20,0
DA:21,0
DA:23,0
DA:27,0
DA:34,0
DA:35,0
DA:37,0
DA:43,0
DA:48,0
DA:49,0
DA:51,0
DA:55,0
DA:60,0
DA:61,0
DA:63,0
DA:67,0
DA:73,0
DA:74,0
DA:76,0
LF:21
LH:0
end_of_record
SF:lib\features\auth\presentation\view_model\signup_view_model\signup_view_model.dart
DA:14,1
DA:20,2
DA:21,2
DA:23,1
DA:25,3
DA:26,3
DA:27,1
DA:28,1
DA:29,1
DA:30,1
DA:32,1
DA:33,1
DA:34,3
DA:35,5
DA:37,1
DA:38,3
DA:39,3
LF:17
LH:17
end_of_record
SF:lib\features\auth\presentation\view_model\update_user\my_information_event.dart
DA:4,0
DA:6,0
DA:7,0
DA:19,0
DA:29,0
DA:30,0
LF:6
LH:0
end_of_record
SF:lib\features\auth\presentation\view_model\update_user\my_information_state.dart
DA:7,14
DA:12,0
DA:16,0
DA:20,0
DA:21,0
DA:22,0
DA:26,0
DA:27,0
LF:8
LH:1
end_of_record
SF:lib\features\auth\presentation\view_model\update_user\my_information_bloc.dart
DA:13,0
DA:16,0
DA:17,0
DA:20,0
DA:24,0
DA:25,0
DA:29,0
DA:30,0
DA:31,0
DA:35,0
DA:36,0
DA:40,0
DA:41,0
DA:42,0
DA:43,0
DA:44,0
DA:45,0
DA:48,0
DA:49,0
DA:50,0
DA:51,0
DA:52,0
DA:53,0
DA:55,0
LF:24
LH:0
end_of_record
SF:lib\features\bookings\data\data_source\booking_remote_datasoucce.dart
DA:14,0
DA:16,0
DA:21,0
DA:23,0
DA:24,0
DA:28,0
DA:29,0
DA:32,0
DA:33,0
DA:36,0
DA:37,0
DA:39,0
DA:40,0
DA:41,0
DA:42,0
DA:43,0
DA:45,0
DA:46,0
DA:50,0
DA:55,0
DA:57,0
DA:58,0
DA:60,0
DA:61,0
DA:63,0
DA:64,0
DA:66,0
DA:67,0
DA:68,0
DA:69,0
DA:70,0
DA:72,0
DA:73,0
LF:33
LH:0
end_of_record
SF:lib\features\bookings\data\repository\booking_remote_repository_impl.dart
DA:14,0
DA:16,0
DA:19,0
DA:20,0
DA:21,0
DA:22,0
DA:23,0
DA:24,0
DA:25,0
DA:27,0
DA:31,0
DA:34,0
DA:36,0
DA:37,0
DA:38,0
DA:39,0
DA:40,0
DA:41,0
DA:42,0
DA:44,0
LF:20
LH:0
end_of_record
SF:lib\features\bookings\domain\usecase\create_booking_usecase.dart
DA:11,0
DA:13,0
DA:14,0
LF:3
LH:0
end_of_record
SF:lib\features\bookings\presentation\view_model\booking_view_model.dart
DA:11,1
DA:16,1
DA:17,2
DA:21,1
DA:25,3
DA:26,2
DA:27,1
DA:28,4
DA:30,1
DA:32,4
LF:10
LH:10
end_of_record
SF:lib\features\cart\data\data_source\cart_datasource.dart
DA:15,0
DA:18,0
DA:21,0
DA:22,0
DA:23,0
DA:24,0
DA:25,0
DA:27,0
DA:31,0
DA:35,0
DA:36,0
DA:38,0
DA:39,0
DA:41,0
DA:42,0
DA:45,0
DA:46,0
DA:48,0
DA:49,0
DA:50,0
DA:51,0
DA:52,0
DA:54,0
DA:55,0
DA:59,0
DA:63,0
DA:65,0
DA:67,0
DA:69,0
DA:70,0
DA:73,0
DA:74,0
DA:76,0
DA:77,0
DA:78,0
DA:79,0
DA:80,0
DA:82,0
DA:83,0
DA:88,0
DA:91,0
DA:93,0
DA:94,0
DA:97,0
DA:98,0
DA:100,0
DA:101,0
DA:102,0
DA:103,0
DA:104,0
DA:106,0
DA:107,0
DA:111,0
DA:113,0
DA:115,0
DA:116,0
DA:120,0
DA:121,0
DA:122,0
DA:126,0
DA:127,0
DA:128,0
DA:129,0
DA:134,0
DA:138,0
DA:139,0
DA:141,0
DA:144,0
DA:150,0
DA:151,0
DA:152,0
DA:156,0
DA:157,0
DA:159,0
DA:160,0
DA:161,0
DA:162,0
DA:163,0
DA:165,0
DA:166,0
LF:80
LH:0
end_of_record
SF:lib\features\cart\data\repository\cart_remote_repository.dart
DA:8,0
DA:11,0
DA:13,0
DA:16,0
DA:18,0
DA:21,0
DA:23,0
DA:26,0
DA:28,0
LF:9
LH:0
end_of_record
SF:lib\features\cart\domain\use_case\add_to_cart_usecase.dart
DA:7,1
DA:9,1
DA:10,2
LF:3
LH:3
end_of_record
SF:lib\features\cart\domain\use_case\clear_cart_usecase.dart
DA:6,1
DA:8,1
DA:9,2
LF:3
LH:3
end_of_record
SF:lib\features\cart\domain\use_case\get_cart_usecase.dart
DA:7,0
DA:9,0
DA:10,0
LF:3
LH:0
end_of_record
SF:lib\features\cart\domain\use_case\remove_from_cart_usecase.dart
DA:7,1
DA:9,1
DA:10,2
LF:3
LH:3
end_of_record
SF:lib\features\cart\presentation\view_model\cart_event.dart
DA:4,16
DA:6,0
DA:7,0
DA:11,15
DA:20,1
DA:27,0
DA:28,0
DA:34,1
DA:38,0
DA:39,0
DA:48,1
DA:49,0
DA:54,1
DA:55,0
LF:14
LH:6
end_of_record
SF:lib\features\cart\presentation\view_model\cart_bloc.dart
DA:20,1
DA:26,2
DA:27,2
DA:28,2
DA:29,2
DA:30,2
DA:31,2
DA:32,2
DA:34,1
DA:37,1
DA:38,3
DA:40,2
DA:41,1
DA:42,1
DA:43,4
DA:45,1
DA:47,3
DA:48,3
DA:51,1
DA:52,1
DA:53,1
DA:56,4
DA:62,1
DA:64,3
DA:66,2
DA:67,1
DA:68,0
DA:69,0
DA:70,1
DA:71,1
DA:72,1
DA:73,1
DA:76,1
DA:77,1
DA:80,2
DA:81,1
DA:86,1
DA:88,3
DA:90,2
DA:91,1
DA:92,0
DA:93,0
DA:94,1
DA:95,1
DA:96,1
DA:104,2
DA:105,1
DA:110,1
DA:112,3
DA:114,2
DA:115,4
DA:117,4
DA:121,1
DA:125,1
DA:126,1
DA:132,2
DA:133,1
DA:137,1
DA:141,1
DA:142,1
DA:145,2
DA:147,1
LF:62
LH:58
end_of_record
SF:lib\features\product\data\data_source\remote_datasource\product_remote_data_source.dart
DA:13,0
DA:15,0
DA:18,0
DA:19,0
DA:21,0
DA:23,0
DA:26,0
DA:28,0
DA:29,0
DA:31,0
DA:35,0
DA:37,0
DA:39,0
DA:40,0
DA:41,0
DA:44,0
DA:46,0
DA:48,0
DA:49,0
DA:50,0
DA:56,0
DA:58,0
DA:59,0
DA:60,0
DA:62,0
DA:63,0
DA:65,0
DA:66,0
DA:67,0
DA:68,0
DA:69,0
DA:71,0
DA:72,0
DA:76,0
DA:79,0
DA:80,0
DA:81,0
DA:83,0
DA:85,0
DA:86,0
DA:88,0
DA:92,0
DA:94,0
DA:95,0
DA:96,0
DA:97,0
DA:99,0
DA:102,0
DA:104,0
DA:105,0
DA:107,0
DA:111,0
DA:114,0
DA:115,0
DA:118,0
DA:120,0
DA:121,0
DA:123,0
LF:58
LH:0
end_of_record
SF:lib\features\product\data\repository\product_remote_repository.dart
DA:10,0
DA:12,0
DA:15,0
DA:16,0
DA:18,0
DA:22,0
DA:25,0
DA:26,0
DA:28,0
DA:32,0
DA:35,0
DA:36,0
DA:38,0
DA:42,0
DA:45,0
DA:46,0
DA:48,0
DA:52,0
DA:55,0
DA:56,0
DA:58,0
LF:21
LH:0
end_of_record
SF:lib\features\product\domain\use_case\get_all_product_usecase.dart
DA:13,1
DA:15,1
DA:17,2
LF:3
LH:3
end_of_record
SF:lib\features\product\presentation\view_model\product_bloc.dart
DA:13,1
DA:16,2
DA:17,2
DA:20,2
DA:23,1
DA:25,3
DA:26,2
DA:27,1
DA:28,1
DA:29,4
DA:30,1
DA:31,3
LF:12
LH:12
end_of_record
SF:lib\features\product\presentation\view_model\product_state.dart
DA:8,15
DA:14,1
DA:22,1
DA:27,1
DA:28,1
DA:29,0
DA:34,1
DA:35,4
LF:8
LH:7
end_of_record
SF:lib\features\profile\presentation\view_model\profile_state.dart
DA:4,0
DA:6,0
DA:7,0
LF:3
LH:0
end_of_record
SF:lib\features\profile\presentation\view_model\profile_cubit.dart
DA:22,0
DA:31,0
DA:33,0
DA:34,0
DA:35,0
DA:37,0
DA:38,0
DA:39,0
DA:47,0
DA:48,0
DA:49,0
DA:51,0
DA:52,0
DA:53,0
DA:61,0
DA:62,0
DA:63,0
DA:65,0
DA:66,0
DA:67,0
DA:75,0
DA:76,0
DA:77,0
DA:79,0
DA:80,0
DA:81,0
LF:26
LH:0
end_of_record
SF:lib\features\order_view\presentation\view_model\order_view_state.dart
DA:4,0
DA:6,0
DA:7,0
LF:3
LH:0
end_of_record
SF:lib\features\order_view\presentation\view_model\order_view_cubit.dart
DA:7,0
LF:1
LH:0
end_of_record
SF:lib\features\help\presentation\view_model\help_cubit.dart
DA:7,0
LF:1
LH:0
end_of_record
SF:lib\features\help\presentation\view_model\help_state.dart
DA:4,0
DA:6,0
DA:7,0
LF:3
LH:0
end_of_record
SF:lib\features\support\presentation\view_model\support_state.dart
DA:4,0
DA:6,0
DA:7,0
LF:3
LH:0
end_of_record
SF:lib\features\support\presentation\view_model\support_cubit.dart
DA:7,0
LF:1
LH:0
end_of_record
SF:lib\features\setting\presentation\view_model\setting_state.dart
DA:4,0
DA:6,0
DA:7,0
LF:3
LH:0
end_of_record
SF:lib\features\setting\presentation\view_model\setting_cubit.dart
DA:21,0
DA:28,0
DA:37,0
DA:38,0
DA:39,0
DA:41,0
DA:42,0
DA:43,0
DA:51,0
DA:52,0
DA:53,0
DA:55,0
DA:56,0
DA:57,0
DA:65,0
DA:66,0
DA:67,0
DA:69,0
DA:70,0
DA:71,0
DA:79,0
DA:80,0
DA:81,0
DA:83,0
DA:84,0
DA:85,0
DA:93,0
DA:94,0
DA:95,0
DA:97,0
DA:98,0
DA:99,0
DA:107,0
DA:108,0
DA:109,0
DA:111,0
DA:112,0
DA:113,0
LF:38
LH:0
end_of_record
SF:lib\features\feedback\presentation\view_model\feedback_cubit.dart
DA:7,0
LF:1
LH:0
end_of_record
SF:lib\features\feedback\presentation\view_model\feedback_state.dart
DA:4,0
DA:6,0
DA:7,0
LF:3
LH:0
end_of_record
SF:lib\features\FAQ\presentation\view_model\faq_cubit.dart
DA:7,0
LF:1
LH:0
end_of_record
SF:lib\features\FAQ\presentation\view_model\faq_state.dart
DA:4,0
DA:6,0
DA:7,0
LF:3
LH:0
end_of_record
SF:lib\features\about_us\presentation\view_model\about_us_cubit.dart
DA:7,0
LF:1
LH:0
end_of_record
SF:lib\features\about_us\presentation\view_model\about_us_state.dart
DA:4,0
DA:6,0
DA:7,0
LF:3
LH:0
end_of_record
SF:lib\features\privacy_policy\presentation\view_model\privacy_policy_state.dart
DA:4,0
DA:6,0
DA:7,0
LF:3
LH:0
end_of_record
SF:lib\features\privacy_policy\presentation\view_model\privacy_policy_cubit.dart
DA:7,0
LF:1
LH:0
end_of_record
SF:lib\features\terms_and_condition\presentation\view_model\terms_and_condition_state.dart
DA:4,0
DA:6,0
DA:7,0
LF:3
LH:0
end_of_record
SF:lib\features\terms_and_condition\presentation\view_model\terms_and_condition_cubit.dart
DA:7,0
LF:1
LH:0
end_of_record
SF:lib\features\delivery_charge\presentation\view_model\delivery_charge_cubit.dart
DA:7,0
LF:1
LH:0
end_of_record
SF:lib\features\delivery_charge\presentation\view_model\delivery_charge_state.dart
DA:4,0
DA:6,0
DA:7,0
LF:3
LH:0
end_of_record
SF:lib\features\home\presentation\view_model\home_cubit.dart
DA:8,0
DA:11,0
DA:12,0
DA:16,0
DA:19,0
LF:5
LH:0
end_of_record
SF:lib\core\common\snackbar.dart
DA:3,0
DA:8,0
DA:9,0
DA:10,0
LF:4
LH:0
end_of_record
SF:lib\core\network\dio_error_interceptor.dart
DA:4,0
DA:8,0
DA:9,0
DA:10,0
DA:12,0
DA:13,0
DA:22,0
DA:23,0
DA:24,0
DA:26,0
DA:29,0
LF:11
LH:0
end_of_record
SF:lib\features\auth\data\model\auth_hive_model.dart
DA:21,0
DA:30,0
DA:31,0
DA:32,0
DA:33,0
DA:34,0
DA:35,0
DA:36,0
DA:41,0
DA:42,0
DA:43,0
DA:44,0
DA:45,0
DA:46,0
DA:47,0
DA:51,0
DA:52,0
DA:53,0
DA:54,0
DA:55,0
DA:56,0
DA:57,0
LF:22
LH:0
end_of_record
SF:lib\features\auth\data\model\auth_hive_model.g.dart
DA:13,0
DA:15,0
DA:16,0
DA:17,0
DA:19,0
DA:20,0
DA:21,0
DA:22,0
DA:23,0
DA:24,0
DA:28,0
DA:31,0
DA:32,0
DA:33,0
DA:34,0
DA:35,0
DA:36,0
DA:37,0
DA:38,0
DA:39,0
DA:40,0
DA:41,0
DA:44,0
DA:45,0
DA:47,0
DA:50,0
DA:51,0
DA:52,0
LF:28
LH:0
end_of_record
SF:lib\features\product\data\model\product_hive_model.dart
DA:34,0
DA:42,0
DA:44,0
DA:54,0
DA:55,0
DA:56,0
DA:57,0
DA:58,0
DA:59,0
DA:60,0
DA:61,0
DA:62,0
DA:67,0
DA:68,0
DA:69,0
DA:70,0
DA:71,0
DA:72,0
DA:73,0
DA:74,0
DA:75,0
DA:80,0
DA:81,0
DA:84,0
DA:85,0
DA:86,0
DA:87,0
DA:88,0
DA:89,0
DA:90,0
DA:91,0
DA:92,0
LF:32
LH:0
end_of_record
SF:lib\features\product\data\model\product_hive_model.g.dart
DA:13,0
DA:15,0
DA:16,0
DA:17,0
DA:19,0
DA:20,0
DA:21,0
DA:22,0
DA:23,0
DA:24,0
DA:25,0
DA:26,0
DA:30,0
DA:33,0
DA:34,0
DA:35,0
DA:36,0
DA:37,0
DA:38,0
DA:39,0
DA:40,0
DA:41,0
DA:42,0
DA:43,0
DA:44,0
DA:45,0
DA:46,0
DA:47,0
DA:50,0
DA:51,0
DA:53,0
DA:56,0
DA:57,0
DA:58,0
LF:34
LH:0
end_of_record
SF:lib\features\FAQ\presentation\view\faq_screen.dart
DA:4,14
DA:6,0
DA:8,0
DA:9,0
DA:19,0
DA:21,0
DA:23,0
DA:24,0
DA:29,0
DA:33,0
DA:37,0
DA:49,0
DA:50,0
DA:52,0
DA:54,0
DA:55,0
DA:60,0
LF:17
LH:1
end_of_record
SF:lib\features\about_us\presentation\view\about_us_screen.dart
DA:4,14
DA:6,0
DA:8,0
DA:9,0
DA:19,0
DA:21,0
DA:23,0
DA:24,0
DA:25,0
DA:30,0
DA:31,0
DA:36,0
DA:37,0
DA:39,0
DA:41,0
DA:43,0
DA:45,0
DA:47,0
DA:48,0
DA:53,0
DA:54,0
DA:65,0
DA:66,0
DA:68,0
DA:75,0
DA:76,0
DA:78,0
DA:85,0
DA:86,0
DA:88,0
DA:90,0
DA:93,0
DA:94,0
LF:33
LH:1
end_of_record
SF:lib\features\auth\data\model\auth_api_model.dart
DA:18,0
DA:26,0
DA:27,0
DA:29,0
DA:32,0
DA:33,0
DA:34,0
DA:35,0
DA:36,0
DA:37,0
DA:38,0
DA:43,0
DA:44,0
DA:45,0
DA:46,0
DA:47,0
DA:48,0
DA:49,0
DA:53,0
DA:54,0
DA:55,0
DA:56,0
DA:57,0
DA:58,0
DA:59,0
LF:25
LH:0
end_of_record
SF:lib\features\auth\data\model\auth_api_model.g.dart
DA:9,0
DA:10,0
DA:11,0
DA:12,0
DA:13,0
DA:14,0
DA:17,0
DA:18,0
DA:19,0
DA:20,0
DA:21,0
DA:22,0
DA:23,0
LF:13
LH:0
end_of_record
SF:lib\features\auth\presentation\view\signup_page.dart
DA:10,1
DA:20,1
DA:21,1
DA:25,1
DA:26,1
DA:27,1
DA:28,1
DA:32,1
DA:33,1
DA:34,2
DA:38,1
DA:39,3
DA:43,1
DA:49,1
DA:53,1
DA:57,1
DA:58,1
DA:59,1
DA:62,1
DA:63,1
DA:71,1
DA:73,1
DA:74,1
DA:76,1
DA:77,1
DA:78,2
DA:79,1
DA:80,1
DA:82,1
DA:83,1
DA:84,1
DA:86,1
DA:112,1
DA:114,1
DA:115,1
DA:118,1
DA:120,1
DA:121,1
DA:124,1
DA:126,1
DA:128,1
DA:131,1
DA:133,1
DA:135,1
DA:138,1
DA:140,1
DA:141,1
DA:144,1
DA:145,1
DA:149,1
DA:150,3
DA:151,2
DA:152,1
DA:154,2
DA:155,2
DA:156,2
DA:171,1
DA:172,1
DA:174,1
DA:179,1
DA:180,0
DA:181,0
DA:183,0
DA:184,0
DA:185,0
DA:186,0
LF:66
LH:60
end_of_record
SF:lib\features\auth\presentation\view\my_information_view.dart
DA:171,14
DA:173,0
DA:174,0
DA:186,0
DA:188,0
DA:189,0
DA:190,0
DA:194,0
DA:195,0
DA:196,0
DA:197,0
DA:198,0
DA:199,0
DA:200,0
DA:201,0
DA:206,0
DA:213,0
DA:214,0
DA:215,0
DA:216,0
DA:217,0
DA:218,0
DA:221,0
DA:222,0
DA:223,0
DA:224,0
DA:225,0
DA:226,0
DA:229,0
DA:238,0
DA:239,0
DA:240,0
DA:245,0
DA:246,0
DA:253,0
DA:254,0
DA:255,0
DA:256,0
DA:264,0
DA:272,0
DA:274,0
DA:275,0
DA:276,0
DA:277,0
DA:278,0
DA:288,0
DA:290,0
DA:292,0
DA:293,0
DA:294,0
DA:295,0
DA:296,0
DA:297,0
DA:299,0
DA:301,0
DA:302,0
DA:303,0
DA:307,0
DA:320,0
DA:321,0
DA:323,0
DA:326,0
DA:328,0
DA:329,0
DA:335,0
DA:337,0
DA:338,0
DA:339,0
DA:340,0
DA:341,0
DA:342,0
LF:71
LH:1
end_of_record
SF:lib\features\auth\presentation\view_model\signup_view_model\signup_event.dart
DA:10,2
LF:1
LH:1
end_of_record
SF:lib\features\auth\presentation\view_model\signup_view_model\signup_state.dart
DA:9,1
DA:14,2
DA:16,1
DA:20,1
DA:21,0
DA:22,1
DA:26,1
DA:27,1
DA:28,1
DA:29,1
LF:10
LH:9
end_of_record
SF:lib\features\bookings\data\model\booking_model.dart
DA:25,0
DA:36,0
DA:37,0
DA:39,0
DA:41,0
DA:42,0
DA:43,0
DA:44,0
DA:45,0
DA:46,0
DA:47,0
DA:48,0
DA:49,0
DA:50,0
LF:14
LH:0
end_of_record
SF:lib\features\bookings\data\model\booking_model.g.dart
DA:9,0
DA:10,0
DA:11,0
DA:12,0
DA:13,0
DA:14,0
DA:15,0
DA:16,0
DA:18,0
DA:19,0
DA:21,0
DA:22,0
DA:23,0
DA:25,0
DA:28,0
DA:29,0
DA:30,0
DA:31,0
DA:32,0
DA:33,0
DA:34,0
DA:35,0
DA:36,0
DA:37,0
LF:24
LH:0
end_of_record
SF:lib\features\bookings\data\model\booking_item_model.dart
DA:16,0
DA:21,0
DA:22,0
DA:24,0
DA:27,0
DA:28,0
DA:29,0
DA:30,0
LF:8
LH:0
end_of_record
SF:lib\features\bookings\data\model\booking_item_model.g.dart
DA:9,0
DA:10,0
DA:11,0
DA:12,0
DA:15,0
DA:16,0
DA:17,0
DA:18,0
LF:8
LH:0
end_of_record
SF:lib\features\cart\domain\entity\cart_item_entity.dart
DA:13,3
DA:22,1
DA:23,1
DA:24,1
DA:25,1
DA:26,1
DA:27,1
DA:28,1
DA:29,1
LF:9
LH:9
end_of_record
SF:lib\features\bookings\domain\entity\booking_entity.dart
DA:14,1
DA:25,1
DA:27,9
LF:3
LH:3
end_of_record
SF:lib\features\bookings\presentation\view_model\booking_event.dart
DA:5,1
DA:7,0
DA:8,0
DA:12,1
DA:16,0
LF:5
LH:2
end_of_record
SF:lib\features\bookings\presentation\view_model\booking_state.dart
DA:14,16
DA:21,1
DA:27,1
DA:28,0
DA:29,1
DA:35,1
DA:36,5
LF:7
LH:6
end_of_record
SF:lib\features\cart\data\model\cart_item_model.dart
DA:12,0
DA:22,0
DA:24,0
DA:26,0
DA:29,0
DA:32,0
DA:35,0
DA:36,0
DA:37,0
DA:38,0
DA:43,0
DA:44,0
DA:45,0
DA:46,0
DA:47,0
DA:48,0
DA:49,0
DA:50,0
LF:18
LH:0
end_of_record
SF:lib\features\cart\presentation\view_model\cart_state.dart
DA:14,15
DA:23,1
DA:34,1
DA:42,1
DA:43,1
DA:44,0
DA:45,1
DA:46,1
DA:47,1
DA:48,1
DA:52,1
DA:53,7
LF:12
LH:11
end_of_record
SF:lib\features\delivery_charge\presentation\view\delivery_charge_screen.dart
DA:4,14
DA:6,0
DA:8,0
DA:9,0
DA:19,0
DA:21,0
DA:23,0
DA:24,0
DA:25,0
DA:29,0
DA:30,0
DA:31,0
DA:34,0
DA:35,0
DA:36,0
DA:39,0
DA:48,0
DA:49,0
DA:51,0
DA:58,0
DA:59,0
DA:61,0
DA:68,0
DA:69,0
DA:71,0
DA:73,0
DA:76,0
DA:77,0
DA:79,0
DA:80,0
DA:84,0
LF:31
LH:1
end_of_record
SF:lib\features\feedback\presentation\view\feedback_screen.dart
DA:4,14
DA:6,0
DA:7,0
DA:13,0
DA:14,0
DA:15,0
DA:24,0
DA:31,0
DA:34,0
DA:36,0
DA:37,0
DA:47,0
DA:49,0
DA:51,0
DA:61,0
DA:62,0
DA:64,0
DA:66,0
DA:67,0
DA:68,0
DA:71,0
DA:76,0
DA:78,0
DA:79,0
DA:80,0
DA:84,0
DA:85,0
DA:97,0
DA:99,0
DA:100,0
LF:30
LH:1
end_of_record
SF:lib\features\help\presentation\view\help_view.dart
DA:4,14
DA:6,0
DA:8,0
DA:9,0
DA:19,0
DA:21,0
DA:23,0
DA:24,0
DA:29,0
DA:34,0
DA:38,0
DA:43,0
DA:54,0
DA:55,0
DA:57,0
DA:59,0
DA:60,0
DA:65,0
LF:18
LH:1
end_of_record
SF:lib\features\home\presentation\view\home_view.dart
DA:7,14
DA:9,0
DA:11,0
DA:12,0
DA:13,0
DA:14,0
DA:17,0
DA:22,0
DA:23,0
DA:25,0
DA:26,0
DA:31,0
DA:32,0
DA:33,0
DA:34,0
LF:15
LH:1
end_of_record
SF:lib\features\home\presentation\view_model\home_state.dart
DA:15,0
DA:21,0
DA:22,0
DA:24,0
DA:26,0
DA:27,0
DA:42,0
DA:43,0
DA:60,0
DA:64,0
DA:65,0
DA:66,0
DA:70,0
DA:71,0
LF:14
LH:0
end_of_record
SF:lib\features\profile\presentation\view\profile_page.dart
DA:325,14
DA:327,0
DA:328,0
DA:341,0
DA:343,0
DA:344,0
DA:345,0
DA:348,0
DA:349,0
DA:350,0
DA:351,0
DA:354,0
DA:355,0
DA:356,0
DA:357,0
DA:358,0
DA:360,0
DA:361,0
DA:362,0
DA:368,0
DA:369,0
DA:370,0
DA:371,0
DA:372,0
DA:373,0
DA:383,0
DA:385,0
DA:387,0
DA:388,0
DA:392,0
DA:393,0
DA:394,0
DA:395,0
DA:396,0
DA:403,0
DA:404,0
DA:405,0
DA:406,0
DA:407,0
DA:409,0
DA:410,0
DA:412,0
DA:413,0
DA:420,0
DA:421,0
DA:423,0
DA:425,0
DA:426,0
DA:427,0
DA:428,0
DA:429,0
DA:436,0
DA:437,0
DA:438,0
DA:441,0
DA:445,0
DA:447,0
DA:448,0
DA:451,0
DA:453,0
DA:455,0
DA:456,0
DA:465,0
DA:466,0
DA:467,0
DA:472,0
DA:474,0
DA:476,0
DA:477,0
DA:479,0
DA:480,0
DA:484,0
DA:485,0
DA:487,0
DA:488,0
DA:489,0
DA:491,0
DA:492,0
DA:493,0
DA:495,0
DA:496,0
DA:504,0
DA:505,0
DA:507,0
DA:508,0
DA:510,0
DA:512,0
DA:514,0
DA:516,0
DA:517,0
DA:518,0
DA:523,0
DA:524,0
DA:525,0
DA:527,0
DA:530,0
DA:531,0
DA:532,0
DA:545,0
DA:546,0
DA:547,0
DA:551,0
DA:552,0
DA:554,0
DA:556,0
DA:557,0
DA:560,0
DA:561,0
DA:562,0
DA:563,0
DA:567,0
DA:570,0
DA:571,0
DA:572,0
DA:582,0
DA:587,0
DA:589,0
DA:590,0
DA:591,0
DA:594,0
DA:600,0
DA:601,0
DA:603,0
DA:614,0
DA:615,0
DA:616,0
DA:617,0
DA:619,0
DA:620,0
DA:625,0
DA:626,0
DA:628,0
LF:132
LH:1
end_of_record
SF:lib\features\order_view\presentation\view\view_order.dart
DA:6,14
DA:8,0
DA:9,0
DA:10,0
DA:13,0
DA:15,0
DA:16,0
DA:17,0
DA:18,0
DA:19,0
DA:20,0
DA:21,0
DA:22,0
DA:23,0
DA:26,0
DA:27,0
DA:37,0
DA:39,0
DA:40,0
DA:41,0
DA:42,0
DA:44,0
DA:47,0
DA:49,0
DA:51,0
DA:52,0
DA:54,0
DA:56,0
DA:57,0
DA:62,0
DA:63,0
DA:72,0
DA:73,0
DA:75,0
DA:76,0
DA:77,0
DA:84,0
DA:85,0
LF:38
LH:1
end_of_record
SF:lib\features\privacy_policy\presentation\view\privacy_policy_screen.dart
DA:4,14
DA:6,0
DA:8,0
DA:9,0
DA:19,0
DA:21,0
DA:23,0
DA:24,0
DA:25,0
DA:28,0
DA:29,0
DA:32,0
DA:33,0
DA:36,0
DA:37,0
DA:40,0
DA:41,0
DA:44,0
DA:45,0
DA:55,0
DA:56,0
DA:58,0
DA:65,0
DA:66,0
LF:24
LH:1
end_of_record
SF:lib\features\product\domain\entiry\product_entity.dart
DA:12,4
DA:22,0
DA:31,1
DA:32,1
DA:33,1
DA:34,1
DA:35,1
DA:36,1
DA:37,1
DA:38,1
DA:39,1
LF:11
LH:10
end_of_record
SF:lib\features\product\data\model\product_api_model.dart
DA:22,0
DA:33,0
DA:44,0
DA:45,0
DA:48,0
DA:49,0
DA:50,0
DA:51,0
DA:52,0
DA:53,0
DA:54,0
DA:55,0
DA:59,0
DA:60,0
DA:61,0
DA:62,0
DA:63,0
DA:64,0
DA:65,0
DA:66,0
DA:70,0
DA:71,0
DA:73,0
DA:74,0
DA:75,0
DA:76,0
DA:77,0
DA:78,0
DA:79,0
DA:81,0
DA:82,0
LF:31
LH:0
end_of_record
SF:lib\features\product\data\model\product_api_model.g.dart
DA:9,0
DA:10,0
DA:11,0
DA:12,0
DA:13,0
DA:14,0
DA:15,0
DA:16,0
DA:17,0
DA:20,0
DA:21,0
DA:22,0
DA:23,0
DA:24,0
DA:25,0
DA:26,0
DA:27,0
DA:28,0
LF:18
LH:0
end_of_record
SF:lib\features\product\presentation\view_model\product_event.dart
DA:6,1
DA:8,0
DA:9,0
LF:3
LH:1
end_of_record
SF:lib\features\support\presentation\view\support_view.dart
DA:4,14
DA:6,0
DA:7,0
DA:18,0
DA:19,0
DA:20,0
DA:21,0
DA:22,0
DA:27,0
DA:29,0
DA:30,0
DA:40,0
DA:41,0
DA:42,0
DA:43,0
DA:45,0
DA:46,0
DA:47,0
DA:48,0
DA:49,0
DA:51,0
DA:54,0
DA:55,0
DA:56,0
DA:58,0
DA:59,0
DA:67,0
DA:73,0
DA:74,0
DA:76,0
DA:77,0
DA:78,0
DA:79,0
DA:80,0
DA:81,0
DA:83,0
DA:88,0
DA:89,0
DA:97,0
DA:99,0
DA:100,0
LF:41
LH:1
end_of_record
SF:lib\features\terms_and_condition\presentation\view\terms_and_condition_view.dart
DA:4,14
DA:6,0
DA:8,0
DA:9,0
DA:19,0
DA:21,0
DA:23,0
DA:24,0
DA:25,0
DA:28,0
DA:29,0
DA:32,0
DA:33,0
DA:36,0
DA:37,0
DA:40,0
DA:41,0
DA:44,0
DA:45,0
DA:54,0
DA:55,0
DA:57,0
DA:64,0
DA:65,0
LF:24
LH:1
end_of_record
SF:lib\features\product\domain\use_case\delete_product_usecase.dart
DA:13,1
DA:15,0
DA:16,0
DA:24,1
DA:27,1
DA:30,2
DA:31,2
DA:32,1
DA:33,1
DA:34,3
LF:10
LH:8
end_of_record
SF:lib\features\product\domain\use_case\get_product_by_id_usecase.dart
DA:36,1
DA:38,0
DA:39,0
DA:46,1
DA:48,1
DA:51,3
LF:6
LH:4
end_of_record
SF:lib\features\product\domain\use_case\update_product_usecase.dart
DA:18,1
DA:33,1
DA:38,1
DA:39,2
DA:42,2
DA:44,1
DA:45,2
DA:46,1
DA:47,3
DA:48,3
LF:10
LH:10
end_of_record
SF:lib\features\profile\presentation\view_model\about_us_bloc.dart
DA:7,3
DA:8,2
DA:11,1
DA:13,2
DA:14,1
DA:17,2
DA:26,0
LF:7
LH:6
end_of_record
SF:lib\features\profile\presentation\view_model\about_us_event.dart
DA:4,1
DA:6,0
DA:7,0
LF:3
LH:1
end_of_record
SF:lib\features\profile\presentation\view_model\about_us_state.dart
DA:4,2
DA:6,1
DA:7,1
DA:19,2
DA:25,1
DA:26,4
DA:32,1
DA:34,1
DA:35,2
LF:9
LH:9
end_of_record
